<?xml  version="1.0" encoding="UTF-8"?>

<beans xmlns="http://www.springframework.org/schema/beans"
       xmlns:xsi="http://www.w3.org/2001/XMLSchema-instance"
       xmlns:context="http://www.springframework.org/schema/context"
       xsi:schemaLocation="http://www.springframework.org/schema/beans http://www.springframework.org/schema/beans/spring-beans-3.1.xsd

            http://www.springframework.org/schema/context http://www.springframework.org/schema/context/spring-context-3.1.xsd">


    <!-- Root Context: определяет ресурсы, доступные всему приложению, всем сервлетам -->

    <!-- Включаем опцию использования конфигурационных аннотаций (@Annotation-based configuration)-->
    <context:annotation-config/>

    <!-- Определяем папки, в которых будем автоматически искать бины-компоненты (@Component, @Service)  -->
    <context:component-scan base-package="irepdata.dao"/>
    <context:component-scan base-package="irepdata.service"/>

    <!-- Файл с настройками ресурсов для работы с данными (Data Access Resources) -->
    <import resource="test-data.xml"/>

    <bean id="commentService" class="irepdata.service.CommentServiceImpl"></bean>
    <bean id="ideaService" class="irepdata.service.IdeaServiceImpl"></bean>
    <bean id="userService" class="irepdata.service.UserServiceImpl"></bean>
    <bean id="tagService" class="irepdata.service.TagServiceImpl"></bean>
    <bean id="contentService" class="irepdata.service.ContentServiceImpl"></bean>



    <!-- Файл с настройками безопасности
    <import resource="security.xml" />-->

</beans>