<?xml  version="1.0" encoding="UTF-8"?>
<beans xmlns="http://www.springframework.org/schema/beans"
       xmlns:xsi="http://www.w3.org/2001/XMLSchema-instance"
       xmlns:tx="http://www.springframework.org/schema/tx"
       xsi:schemaLocation="http://www.springframework.org/schema/beans http://www.springframework.org/schema/beans/spring-beans.xsd
        http://www.springframework.org/schema/tx http://www.springframework.org/schema/tx/spring-tx.xsd">


    <!-- Менеджер транзакций -->
    <bean id="transactionManager"
          class="org.springframework.orm.hibernate4.HibernateTransactionManager">
        <property name="sessionFactory" ref="sessionFactory"/>
    </bean>

    <!-- Настраивает управление транзакциями с помощью аннотации @Transactional -->
    <tx:annotation-driven transaction-manager="transactionManager"/>

    <!-- Настройки бина dataSource будем хранить в отдельном файле -->
    <bean id="propertyConfigurer"
          class="org.springframework.beans.factory.config.PropertyPlaceholderConfigurer">
        <property name="location" value="classpath:/DaoServiceTestResources/test-database.properties"/>
    </bean>

    <!-- Настройки фабрики сессий Хибернейта -->
    <bean id="sessionFactory"
          class="org.springframework.orm.hibernate4.LocalSessionFactoryBean" scope="prototype">
        <property name="dataSource" ref="dataSource"/>
        <property name="configLocation">
            <value>classpath:/DaoServiceTestResources/test-hibernate.cfg.xml</value>
        </property>
    </bean>

    <!-- Непосредственно бин dataSource -->
    <bean id="clientDataSource" class="com.mchange.v2.c3p0.ComboPooledDataSource" destroy-method="close">
        <property name="driverClass" value="${jdbc.driverClassName}"/>
        <property name="jdbcUrl" value="${jdbc.databaseurl}"/>
        <property name="user" value="${jdbc.username}"/>
        <property name="password" value="${jdbc.password}"/>
        <property name="minPoolSize" value="5" />
        <property name="maxPoolSize" value="20" />
        <property name="initialPoolSize" value="5" />
        <property name="maxIdleTime" value="300" />
        <property name="maxStatements" value="50" />
        <property name="idleConnectionTestPeriod" value="3000" />
        <property name="checkoutTimeout" value="1000"/>
        <property name="testConnectionOnCheckin" value="true" />
    </bean>

    <!-- Система логирования SQL-->
    <bean id="dataSource" class="net.sf.log4jdbc.Log4jdbcProxyDataSource" >
        <constructor-arg ref="clientDataSource" />
        <property name="logFormatter">
            <bean class="net.sf.log4jdbc.tools.Log4JdbcCustomFormatter" >
                <property name="loggingType" value="SINGLE_LINE" />
                <property name="sqlPrefix" value="SQL:::" />
            </bean>
        </property>
    </bean >

</beans>